<!DOCTYPE html PUBLIC "-//W3C//DTD XHTML 1.1//EN" "http://www.w3.org/TR/xhtml11/DTD/xhtml11.dtd">
<html xmlns="http://www.w3.org/1999/xhtml"><head><title>TestNG Report</title><style type="text/css">table {margin-bottom:10px;border-collapse:collapse;empty-cells:show}th,td {border:1px solid #009;padding:.25em .5em}th {vertical-align:bottom}td {vertical-align:top}table a {font-weight:bold}.stripe td {background-color: #E6EBF9}.num {text-align:right}.passedodd td {background-color: #3F3}.passedeven td {background-color: #0A0}.skippedodd td {background-color: #DDD}.skippedeven td {background-color: #CCC}.failedodd td,.attn {background-color: #F33}.failedeven td,.stripe .attn {background-color: #D00}.stacktrace {white-space:pre;font-family:monospace}.totop {font-size:85%;text-align:center;border-bottom:2px solid #000}</style></head><body><table><tr><th>Test</th><th># Passed</th><th># Skipped</th><th># Failed</th><th>Time (ms)</th><th>Included Groups</th><th>Excluded Groups</th></tr><tr><th colspan="7">Suite</th></tr><tr><td><a href="#t0">TestModule6</a></td><td class="num">0</td><td class="num">0</td><td class="num attn">5</td><td class="num">79,178</td><td></td><td></td></tr></table><table id='summary'><thead><tr><th>Class</th><th>Method</th><th>Start</th><th>Time (ms)</th></tr></thead><tbody><tr><th colspan="4">Suite</th></tr></tbody><tbody id="t0"><tr><th colspan="4">TestModule6 &#8212; failed</th></tr><tr class="failedeven"><td rowspan="5">driverScript.MainScript</td><td><a href="#m0">tc01</a></td><td rowspan="1">1568484542955</td><td rowspan="1">14850</td></tr><tr class="failedeven"><td><a href="#m1">tc02</a></td><td rowspan="1">1568484527559</td><td rowspan="1">15387</td></tr><tr class="failedeven"><td><a href="#m2">tc03</a></td><td rowspan="1">1568484557809</td><td rowspan="1">20017</td></tr><tr class="failedeven"><td><a href="#m3">tc04</a></td><td rowspan="1">1568484577837</td><td rowspan="1">14372</td></tr><tr class="failedeven"><td><a href="#m4">tc05</a></td><td rowspan="1">1568484592213</td><td rowspan="1">14483</td></tr></tbody></table><h2>TestModule6</h2><h3 id="m0">driverScript.MainScript#tc01</h3><table class="result"><tr><th>Messages</th></tr><tr><td><div class="messages">Test case TC001 failed</div></td></tr><tr><th>Exception</th></tr><tr><td><div class="stacktrace">java.lang.AssertionError: expected [true] but found [false]
	at driverScript.MainScript.tc01(MainScript.java:51)
... Removed 29 stack frames</div></td></tr></table><p class="totop"><a href="#summary">back to summary</a></p><h3 id="m1">driverScript.MainScript#tc02</h3><table class="result"><tr><th>Messages</th></tr><tr><td><div class="messages">Test case TC002 failed</div></td></tr><tr><th>Exception</th></tr><tr><td><div class="stacktrace">java.lang.AssertionError: expected [true] but found [false]
	at driverScript.MainScript.tc02(MainScript.java:34)
... Removed 29 stack frames</div></td></tr></table><p class="totop"><a href="#summary">back to summary</a></p><h3 id="m2">driverScript.MainScript#tc03</h3><table class="result"><tr><th>Messages</th></tr><tr><td><div class="messages">Test case TC003 failed</div></td></tr><tr><th>Exception</th></tr><tr><td><div class="stacktrace">java.lang.AssertionError: expected [true] but found [false]
	at driverScript.MainScript.tc03(MainScript.java:68)
... Removed 29 stack frames</div></td></tr></table><p class="totop"><a href="#summary">back to summary</a></p><h3 id="m3">driverScript.MainScript#tc04</h3><table class="result"><tr><th>Messages</th></tr><tr><td><div class="messages">Test case TC004 failed</div></td></tr><tr><th>Exception</th></tr><tr><td><div class="stacktrace">java.lang.AssertionError: expected [true] but found [false]
	at driverScript.MainScript.tc04(MainScript.java:85)
... Removed 29 stack frames</div></td></tr></table><p class="totop"><a href="#summary">back to summary</a></p><h3 id="m4">driverScript.MainScript#tc05</h3><table class="result"><tr><th>Messages</th></tr><tr><td><div class="messages">Test case TC005 failed</div></td></tr><tr><th>Exception</th></tr><tr><td><div class="stacktrace">java.lang.AssertionError: expected [true] but found [false]
	at driverScript.MainScript.tc05(MainScript.java:102)
... Removed 29 stack frames</div></td></tr></table><p class="totop"><a href="#summary">back to summary</a></p></body></html>