<?xml version="1.0" encoding="UTF-8"?>
<!-- Generated by org.testng.reporters.JUnitXMLReporter -->
<testsuite hostname="LAPTOP-9S02J07H" ignored="0" name="TestModule6" tests="5" failures="5" timestamp="14 Sep 2019 18:10:06 GMT" time="79.178" errors="0">
  <testcase name="tc02" time="15.387" classname="driverScript.MainScript">
    <failure type="java.lang.AssertionError" message="expected [true] but found [false]">
      <![CDATA[java.lang.AssertionError: expected [true] but found [false]
	at driverScript.MainScript.tc02(MainScript.java:34)
... Removed 29 stack frames]]>
    </failure>
  </testcase> <!-- tc02 -->
  <testcase name="tc01" time="14.85" classname="driverScript.MainScript">
    <failure type="java.lang.AssertionError" message="expected [true] but found [false]">
      <![CDATA[java.lang.AssertionError: expected [true] but found [false]
	at driverScript.MainScript.tc01(MainScript.java:51)
... Removed 29 stack frames]]>
    </failure>
  </testcase> <!-- tc01 -->
  <testcase name="tc03" time="20.017" classname="driverScript.MainScript">
    <failure type="java.lang.AssertionError" message="expected [true] but found [false]">
      <![CDATA[java.lang.AssertionError: expected [true] but found [false]
	at driverScript.MainScript.tc03(MainScript.java:68)
... Removed 29 stack frames]]>
    </failure>
  </testcase> <!-- tc03 -->
  <testcase name="tc04" time="14.372" classname="driverScript.MainScript">
    <failure type="java.lang.AssertionError" message="expected [true] but found [false]">
      <![CDATA[java.lang.AssertionError: expected [true] but found [false]
	at driverScript.MainScript.tc04(MainScript.java:85)
... Removed 29 stack frames]]>
    </failure>
  </testcase> <!-- tc04 -->
  <testcase name="tc05" time="14.483" classname="driverScript.MainScript">
    <failure type="java.lang.AssertionError" message="expected [true] but found [false]">
      <![CDATA[java.lang.AssertionError: expected [true] but found [false]
	at driverScript.MainScript.tc05(MainScript.java:102)
... Removed 29 stack frames]]>
    </failure>
  </testcase> <!-- tc05 -->
</testsuite> <!-- TestModule6 -->
